2020-04-09 00:46:43,840 ERROR 73359 [-/127.0.0.1/-/23ms POST /upload?_csrf=DlhIhr7NUzaoW2hR_IID7ymB] nodejs.TypeError: Cannot read property 'uint8array' of undefined
    at Object.exports.transformTo (/Users/choizhang/copywriting/egg/node_modules/.npminstall/jszip/2.5.0/jszip/lib/utils.js:244:38)
    at ZipEntries.prepareReader (/Users/choizhang/copywriting/egg/node_modules/.npminstall/jszip/2.5.0/jszip/lib/zipEntries.js:206:54)
    at ZipEntries.load (/Users/choizhang/copywriting/egg/node_modules/.npminstall/jszip/2.5.0/jszip/lib/zipEntries.js:214:14)
    at new ZipEntries (/Users/choizhang/copywriting/egg/node_modules/.npminstall/jszip/2.5.0/jszip/lib/zipEntries.js:21:14)
    at JSZip.module.exports [as load] (/Users/choizhang/copywriting/egg/node_modules/.npminstall/jszip/2.5.0/jszip/lib/load.js:11:18)
    at new JSZip (/Users/choizhang/copywriting/egg/node_modules/.npminstall/jszip/2.5.0/jszip/lib/index.js:39:14)
    at Object.openArrayBuffer (/Users/choizhang/copywriting/egg/node_modules/.npminstall/mammoth/1.4.9/mammoth/lib/zipfile.js:10:19)
    at Object.openZip (/Users/choizhang/copywriting/egg/node_modules/.npminstall/mammoth/1.4.9/mammoth/lib/unzip.js:16:41)
    at convert (/Users/choizhang/copywriting/egg/node_modules/.npminstall/mammoth/1.4.9/mammoth/lib/index.js:34:18)
    at Object.convertToHtml (/Users/choizhang/copywriting/egg/node_modules/.npminstall/mammoth/1.4.9/mammoth/lib/index.js:22:12)
    at MammothService.main (/Users/choizhang/copywriting/egg/app/service/mammoth.js:58:8)
    at UploadController.index (/Users/choizhang/copywriting/egg/app/controller/upload.js:46:25)
    at process._tickCallback (internal/process/next_tick.js:68:7)

pid: 73359
hostname: choizhangdeMacBook-Pro-2.local

2020-04-09 00:47:53,623 ERROR 73404 [-/127.0.0.1/-/16ms POST /upload?_csrf=DlhIhr7NUzaoW2hR_IID7ymB] nodejs.TypeError: Cannot read property 'uint8array' of undefined
    at Object.exports.transformTo (/Users/choizhang/copywriting/egg/node_modules/.npminstall/jszip/2.5.0/jszip/lib/utils.js:244:38)
    at ZipEntries.prepareReader (/Users/choizhang/copywriting/egg/node_modules/.npminstall/jszip/2.5.0/jszip/lib/zipEntries.js:206:54)
    at ZipEntries.load (/Users/choizhang/copywriting/egg/node_modules/.npminstall/jszip/2.5.0/jszip/lib/zipEntries.js:214:14)
    at new ZipEntries (/Users/choizhang/copywriting/egg/node_modules/.npminstall/jszip/2.5.0/jszip/lib/zipEntries.js:21:14)
    at JSZip.module.exports [as load] (/Users/choizhang/copywriting/egg/node_modules/.npminstall/jszip/2.5.0/jszip/lib/load.js:11:18)
    at new JSZip (/Users/choizhang/copywriting/egg/node_modules/.npminstall/jszip/2.5.0/jszip/lib/index.js:39:14)
    at Object.openArrayBuffer (/Users/choizhang/copywriting/egg/node_modules/.npminstall/mammoth/1.4.9/mammoth/lib/zipfile.js:10:19)
    at Object.openZip (/Users/choizhang/copywriting/egg/node_modules/.npminstall/mammoth/1.4.9/mammoth/lib/unzip.js:16:41)
    at convert (/Users/choizhang/copywriting/egg/node_modules/.npminstall/mammoth/1.4.9/mammoth/lib/index.js:34:18)
    at Object.convertToHtml (/Users/choizhang/copywriting/egg/node_modules/.npminstall/mammoth/1.4.9/mammoth/lib/index.js:22:12)
    at MammothService.main (/Users/choizhang/copywriting/egg/app/service/mammoth.js:58:8)
    at UploadController.index (/Users/choizhang/copywriting/egg/app/controller/upload.js:46:25)
    at process._tickCallback (internal/process/next_tick.js:68:7)

pid: 73404
hostname: choizhangdeMacBook-Pro-2.local

2020-04-09 16:30:32,880 ERROR 90798 [-/127.0.0.1/-/0ms GET /] nodejs.ER_ACCESS_DENIED_ERRORError: ER_ACCESS_DENIED_ERROR: Access denied for user 'root'@'localhost' (using password: YES)
    at Handshake.Sequence._packetToError (/Users/choizhang/copywriting/egg/node_modules/.npminstall/mysql/2.18.1/mysql/lib/protocol/sequences/Sequence.js:47:14)
    at Handshake.ErrorPacket (/Users/choizhang/copywriting/egg/node_modules/.npminstall/mysql/2.18.1/mysql/lib/protocol/sequences/Handshake.js:123:18)
    at Protocol._parsePacket (/Users/choizhang/copywriting/egg/node_modules/.npminstall/mysql/2.18.1/mysql/lib/protocol/Protocol.js:291:23)
    at Parser._parsePacket (/Users/choizhang/copywriting/egg/node_modules/.npminstall/mysql/2.18.1/mysql/lib/protocol/Parser.js:433:10)
    at Parser.write (/Users/choizhang/copywriting/egg/node_modules/.npminstall/mysql/2.18.1/mysql/lib/protocol/Parser.js:43:10)
    at Protocol.write (/Users/choizhang/copywriting/egg/node_modules/.npminstall/mysql/2.18.1/mysql/lib/protocol/Protocol.js:38:16)
    at Socket.<anonymous> (/Users/choizhang/copywriting/egg/node_modules/.npminstall/mysql/2.18.1/mysql/lib/Connection.js:88:28)
    at Socket.<anonymous> (/Users/choizhang/copywriting/egg/node_modules/.npminstall/mysql/2.18.1/mysql/lib/Connection.js:526:10)
    at Socket.emit (events.js:182:13)
    at addChunk (_stream_readable.js:279:12)
    at readableAddChunk (_stream_readable.js:264:11)
    at Socket.Readable.push (_stream_readable.js:219:10)
    at TCP.onread (net.js:636:20)
    --------------------
    at Protocol._enqueue (/Users/choizhang/copywriting/egg/node_modules/.npminstall/mysql/2.18.1/mysql/lib/protocol/Protocol.js:144:48)
    at Protocol.handshake (/Users/choizhang/copywriting/egg/node_modules/.npminstall/mysql/2.18.1/mysql/lib/protocol/Protocol.js:51:23)
    at PoolConnection.connect (/Users/choizhang/copywriting/egg/node_modules/.npminstall/mysql/2.18.1/mysql/lib/Connection.js:116:18)
    at Pool.getConnection (/Users/choizhang/copywriting/egg/node_modules/.npminstall/mysql/2.18.1/mysql/lib/Pool.js:48:16)
    at /Users/choizhang/copywriting/egg/node_modules/.npminstall/pify/2.3.0/pify/index.js:29:7
    at new Promise (<anonymous>)
    at Pool.<anonymous> (/Users/choizhang/copywriting/egg/node_modules/.npminstall/pify/2.3.0/pify/index.js:12:10)
    at Pool.ret [as getConnection] (/Users/choizhang/copywriting/egg/node_modules/.npminstall/pify/2.3.0/pify/index.js:56:34)
    at Pool.query (/Users/choizhang/copywriting/egg/node_modules/.npminstall/mysql/2.18.1/mysql/lib/Pool.js:202:8)
    at /Users/choizhang/copywriting/egg/node_modules/.npminstall/pify/2.3.0/pify/index.js:29:7
    at new Promise (<anonymous>)
    at Pool.<anonymous> (/Users/choizhang/copywriting/egg/node_modules/.npminstall/pify/2.3.0/pify/index.js:12:10)
    at Pool.ret [as query] (/Users/choizhang/copywriting/egg/node_modules/.npminstall/pify/2.3.0/pify/index.js:56:34)
    at RDSClient.proto._query (/Users/choizhang/copywriting/egg/node_modules/.npminstall/ali-rds/3.3.1/ali-rds/lib/client.js:34:20)
    at RDSClient.proto.query (/Users/choizhang/copywriting/egg/node_modules/.npminstall/ali-rds/3.3.1/ali-rds/lib/operator.js:54:29)
    at proto.query.next (<anonymous>)
    sql: select now() as currentTime;
code: "ER_ACCESS_DENIED_ERROR"
errno: 1045
sqlMessage: "Access denied for user 'root'@'localhost' (using password: YES)"
sqlState: "28000"
fatal: true
name: "ER_ACCESS_DENIED_ERRORError"
pid: 90798
hostname: choizhangdeMacBook-Pro-2.local

2020-04-09 16:34:10,849 ERROR 90990 [-/127.0.0.1/-/0ms GET /] nodejs.ER_ACCESS_DENIED_ERRORError: ER_ACCESS_DENIED_ERROR: Access denied for user 'root'@'117.139.13.88' (using password: YES)
    at Handshake.Sequence._packetToError (/Users/choizhang/copywriting/egg/node_modules/.npminstall/mysql/2.18.1/mysql/lib/protocol/sequences/Sequence.js:47:14)
    at Handshake.ErrorPacket (/Users/choizhang/copywriting/egg/node_modules/.npminstall/mysql/2.18.1/mysql/lib/protocol/sequences/Handshake.js:123:18)
    at Protocol._parsePacket (/Users/choizhang/copywriting/egg/node_modules/.npminstall/mysql/2.18.1/mysql/lib/protocol/Protocol.js:291:23)
    at Parser._parsePacket (/Users/choizhang/copywriting/egg/node_modules/.npminstall/mysql/2.18.1/mysql/lib/protocol/Parser.js:433:10)
    at Parser.write (/Users/choizhang/copywriting/egg/node_modules/.npminstall/mysql/2.18.1/mysql/lib/protocol/Parser.js:43:10)
    at Protocol.write (/Users/choizhang/copywriting/egg/node_modules/.npminstall/mysql/2.18.1/mysql/lib/protocol/Protocol.js:38:16)
    at Socket.<anonymous> (/Users/choizhang/copywriting/egg/node_modules/.npminstall/mysql/2.18.1/mysql/lib/Connection.js:88:28)
    at Socket.<anonymous> (/Users/choizhang/copywriting/egg/node_modules/.npminstall/mysql/2.18.1/mysql/lib/Connection.js:526:10)
    at Socket.emit (events.js:182:13)
    at addChunk (_stream_readable.js:279:12)
    at readableAddChunk (_stream_readable.js:264:11)
    at Socket.Readable.push (_stream_readable.js:219:10)
    at TCP.onread (net.js:636:20)
    --------------------
    at Protocol._enqueue (/Users/choizhang/copywriting/egg/node_modules/.npminstall/mysql/2.18.1/mysql/lib/protocol/Protocol.js:144:48)
    at Protocol.handshake (/Users/choizhang/copywriting/egg/node_modules/.npminstall/mysql/2.18.1/mysql/lib/protocol/Protocol.js:51:23)
    at PoolConnection.connect (/Users/choizhang/copywriting/egg/node_modules/.npminstall/mysql/2.18.1/mysql/lib/Connection.js:116:18)
    at Pool.getConnection (/Users/choizhang/copywriting/egg/node_modules/.npminstall/mysql/2.18.1/mysql/lib/Pool.js:48:16)
    at /Users/choizhang/copywriting/egg/node_modules/.npminstall/pify/2.3.0/pify/index.js:29:7
    at new Promise (<anonymous>)
    at Pool.<anonymous> (/Users/choizhang/copywriting/egg/node_modules/.npminstall/pify/2.3.0/pify/index.js:12:10)
    at Pool.ret [as getConnection] (/Users/choizhang/copywriting/egg/node_modules/.npminstall/pify/2.3.0/pify/index.js:56:34)
    at Pool.query (/Users/choizhang/copywriting/egg/node_modules/.npminstall/mysql/2.18.1/mysql/lib/Pool.js:202:8)
    at /Users/choizhang/copywriting/egg/node_modules/.npminstall/pify/2.3.0/pify/index.js:29:7
    at new Promise (<anonymous>)
    at Pool.<anonymous> (/Users/choizhang/copywriting/egg/node_modules/.npminstall/pify/2.3.0/pify/index.js:12:10)
    at Pool.ret [as query] (/Users/choizhang/copywriting/egg/node_modules/.npminstall/pify/2.3.0/pify/index.js:56:34)
    at RDSClient.proto._query (/Users/choizhang/copywriting/egg/node_modules/.npminstall/ali-rds/3.3.1/ali-rds/lib/client.js:34:20)
    at RDSClient.proto.query (/Users/choizhang/copywriting/egg/node_modules/.npminstall/ali-rds/3.3.1/ali-rds/lib/operator.js:54:29)
    at proto.query.next (<anonymous>)
    sql: select now() as currentTime;
code: "ER_ACCESS_DENIED_ERROR"
errno: 1045
sqlMessage: "Access denied for user 'root'@'117.139.13.88' (using password: YES)"
sqlState: "28000"
fatal: true
name: "ER_ACCESS_DENIED_ERRORError"
pid: 90990
hostname: choizhangdeMacBook-Pro-2.local

2020-04-09 16:34:15,941 ERROR 90997 [-/127.0.0.1/-/0ms GET /] nodejs.ER_ACCESS_DENIED_ERRORError: ER_ACCESS_DENIED_ERROR: Access denied for user 'hsh_hk'@'117.139.13.88' (using password: YES)
    at Handshake.Sequence._packetToError (/Users/choizhang/copywriting/egg/node_modules/.npminstall/mysql/2.18.1/mysql/lib/protocol/sequences/Sequence.js:47:14)
    at Handshake.ErrorPacket (/Users/choizhang/copywriting/egg/node_modules/.npminstall/mysql/2.18.1/mysql/lib/protocol/sequences/Handshake.js:123:18)
    at Protocol._parsePacket (/Users/choizhang/copywriting/egg/node_modules/.npminstall/mysql/2.18.1/mysql/lib/protocol/Protocol.js:291:23)
    at Parser._parsePacket (/Users/choizhang/copywriting/egg/node_modules/.npminstall/mysql/2.18.1/mysql/lib/protocol/Parser.js:433:10)
    at Parser.write (/Users/choizhang/copywriting/egg/node_modules/.npminstall/mysql/2.18.1/mysql/lib/protocol/Parser.js:43:10)
    at Protocol.write (/Users/choizhang/copywriting/egg/node_modules/.npminstall/mysql/2.18.1/mysql/lib/protocol/Protocol.js:38:16)
    at Socket.<anonymous> (/Users/choizhang/copywriting/egg/node_modules/.npminstall/mysql/2.18.1/mysql/lib/Connection.js:88:28)
    at Socket.<anonymous> (/Users/choizhang/copywriting/egg/node_modules/.npminstall/mysql/2.18.1/mysql/lib/Connection.js:526:10)
    at Socket.emit (events.js:182:13)
    at addChunk (_stream_readable.js:279:12)
    at readableAddChunk (_stream_readable.js:264:11)
    at Socket.Readable.push (_stream_readable.js:219:10)
    at TCP.onread (net.js:636:20)
    --------------------
    at Protocol._enqueue (/Users/choizhang/copywriting/egg/node_modules/.npminstall/mysql/2.18.1/mysql/lib/protocol/Protocol.js:144:48)
    at Protocol.handshake (/Users/choizhang/copywriting/egg/node_modules/.npminstall/mysql/2.18.1/mysql/lib/protocol/Protocol.js:51:23)
    at PoolConnection.connect (/Users/choizhang/copywriting/egg/node_modules/.npminstall/mysql/2.18.1/mysql/lib/Connection.js:116:18)
    at Pool.getConnection (/Users/choizhang/copywriting/egg/node_modules/.npminstall/mysql/2.18.1/mysql/lib/Pool.js:48:16)
    at /Users/choizhang/copywriting/egg/node_modules/.npminstall/pify/2.3.0/pify/index.js:29:7
    at new Promise (<anonymous>)
    at Pool.<anonymous> (/Users/choizhang/copywriting/egg/node_modules/.npminstall/pify/2.3.0/pify/index.js:12:10)
    at Pool.ret [as getConnection] (/Users/choizhang/copywriting/egg/node_modules/.npminstall/pify/2.3.0/pify/index.js:56:34)
    at Pool.query (/Users/choizhang/copywriting/egg/node_modules/.npminstall/mysql/2.18.1/mysql/lib/Pool.js:202:8)
    at /Users/choizhang/copywriting/egg/node_modules/.npminstall/pify/2.3.0/pify/index.js:29:7
    at new Promise (<anonymous>)
    at Pool.<anonymous> (/Users/choizhang/copywriting/egg/node_modules/.npminstall/pify/2.3.0/pify/index.js:12:10)
    at Pool.ret [as query] (/Users/choizhang/copywriting/egg/node_modules/.npminstall/pify/2.3.0/pify/index.js:56:34)
    at RDSClient.proto._query (/Users/choizhang/copywriting/egg/node_modules/.npminstall/ali-rds/3.3.1/ali-rds/lib/client.js:34:20)
    at RDSClient.proto.query (/Users/choizhang/copywriting/egg/node_modules/.npminstall/ali-rds/3.3.1/ali-rds/lib/operator.js:54:29)
    at proto.query.next (<anonymous>)
    sql: select now() as currentTime;
code: "ER_ACCESS_DENIED_ERROR"
errno: 1045
sqlMessage: "Access denied for user 'hsh_hk'@'117.139.13.88' (using password: YES)"
sqlState: "28000"
fatal: true
name: "ER_ACCESS_DENIED_ERRORError"
pid: 90997
hostname: choizhangdeMacBook-Pro-2.local

2020-04-09 16:34:45,292 ERROR 91015 [-/127.0.0.1/-/1ms GET /] nodejs.ER_ACCESS_DENIED_ERRORError: ER_ACCESS_DENIED_ERROR: Access denied for user 'hsh_hk'@'117.139.13.88' (using password: YES)
    at Handshake.Sequence._packetToError (/Users/choizhang/copywriting/egg/node_modules/.npminstall/mysql/2.18.1/mysql/lib/protocol/sequences/Sequence.js:47:14)
    at Handshake.ErrorPacket (/Users/choizhang/copywriting/egg/node_modules/.npminstall/mysql/2.18.1/mysql/lib/protocol/sequences/Handshake.js:123:18)
    at Protocol._parsePacket (/Users/choizhang/copywriting/egg/node_modules/.npminstall/mysql/2.18.1/mysql/lib/protocol/Protocol.js:291:23)
    at Parser._parsePacket (/Users/choizhang/copywriting/egg/node_modules/.npminstall/mysql/2.18.1/mysql/lib/protocol/Parser.js:433:10)
    at Parser.write (/Users/choizhang/copywriting/egg/node_modules/.npminstall/mysql/2.18.1/mysql/lib/protocol/Parser.js:43:10)
    at Protocol.write (/Users/choizhang/copywriting/egg/node_modules/.npminstall/mysql/2.18.1/mysql/lib/protocol/Protocol.js:38:16)
    at Socket.<anonymous> (/Users/choizhang/copywriting/egg/node_modules/.npminstall/mysql/2.18.1/mysql/lib/Connection.js:88:28)
    at Socket.<anonymous> (/Users/choizhang/copywriting/egg/node_modules/.npminstall/mysql/2.18.1/mysql/lib/Connection.js:526:10)
    at Socket.emit (events.js:182:13)
    at addChunk (_stream_readable.js:279:12)
    at readableAddChunk (_stream_readable.js:264:11)
    at Socket.Readable.push (_stream_readable.js:219:10)
    at TCP.onread (net.js:636:20)
    --------------------
    at Protocol._enqueue (/Users/choizhang/copywriting/egg/node_modules/.npminstall/mysql/2.18.1/mysql/lib/protocol/Protocol.js:144:48)
    at Protocol.handshake (/Users/choizhang/copywriting/egg/node_modules/.npminstall/mysql/2.18.1/mysql/lib/protocol/Protocol.js:51:23)
    at PoolConnection.connect (/Users/choizhang/copywriting/egg/node_modules/.npminstall/mysql/2.18.1/mysql/lib/Connection.js:116:18)
    at Pool.getConnection (/Users/choizhang/copywriting/egg/node_modules/.npminstall/mysql/2.18.1/mysql/lib/Pool.js:48:16)
    at /Users/choizhang/copywriting/egg/node_modules/.npminstall/pify/2.3.0/pify/index.js:29:7
    at new Promise (<anonymous>)
    at Pool.<anonymous> (/Users/choizhang/copywriting/egg/node_modules/.npminstall/pify/2.3.0/pify/index.js:12:10)
    at Pool.ret [as getConnection] (/Users/choizhang/copywriting/egg/node_modules/.npminstall/pify/2.3.0/pify/index.js:56:34)
    at Pool.query (/Users/choizhang/copywriting/egg/node_modules/.npminstall/mysql/2.18.1/mysql/lib/Pool.js:202:8)
    at /Users/choizhang/copywriting/egg/node_modules/.npminstall/pify/2.3.0/pify/index.js:29:7
    at new Promise (<anonymous>)
    at Pool.<anonymous> (/Users/choizhang/copywriting/egg/node_modules/.npminstall/pify/2.3.0/pify/index.js:12:10)
    at Pool.ret [as query] (/Users/choizhang/copywriting/egg/node_modules/.npminstall/pify/2.3.0/pify/index.js:56:34)
    at RDSClient.proto._query (/Users/choizhang/copywriting/egg/node_modules/.npminstall/ali-rds/3.3.1/ali-rds/lib/client.js:34:20)
    at RDSClient.proto.query (/Users/choizhang/copywriting/egg/node_modules/.npminstall/ali-rds/3.3.1/ali-rds/lib/operator.js:54:29)
    at proto.query.next (<anonymous>)
    sql: select now() as currentTime;
code: "ER_ACCESS_DENIED_ERROR"
errno: 1045
sqlMessage: "Access denied for user 'hsh_hk'@'117.139.13.88' (using password: YES)"
sqlState: "28000"
fatal: true
name: "ER_ACCESS_DENIED_ERRORError"
pid: 91015
hostname: choizhangdeMacBook-Pro-2.local

2020-04-09 16:36:14,818 ERROR 91089 [-/127.0.0.1/-/0ms GET /] nodejs.ER_ACCESS_DENIED_ERRORError: ER_ACCESS_DENIED_ERROR: Access denied for user 'hsh_hk'@'117.139.13.88' (using password: YES)
    at Handshake.Sequence._packetToError (/Users/choizhang/copywriting/egg/node_modules/.npminstall/mysql/2.18.1/mysql/lib/protocol/sequences/Sequence.js:47:14)
    at Handshake.ErrorPacket (/Users/choizhang/copywriting/egg/node_modules/.npminstall/mysql/2.18.1/mysql/lib/protocol/sequences/Handshake.js:123:18)
    at Protocol._parsePacket (/Users/choizhang/copywriting/egg/node_modules/.npminstall/mysql/2.18.1/mysql/lib/protocol/Protocol.js:291:23)
    at Parser._parsePacket (/Users/choizhang/copywriting/egg/node_modules/.npminstall/mysql/2.18.1/mysql/lib/protocol/Parser.js:433:10)
    at Parser.write (/Users/choizhang/copywriting/egg/node_modules/.npminstall/mysql/2.18.1/mysql/lib/protocol/Parser.js:43:10)
    at Protocol.write (/Users/choizhang/copywriting/egg/node_modules/.npminstall/mysql/2.18.1/mysql/lib/protocol/Protocol.js:38:16)
    at Socket.<anonymous> (/Users/choizhang/copywriting/egg/node_modules/.npminstall/mysql/2.18.1/mysql/lib/Connection.js:88:28)
    at Socket.<anonymous> (/Users/choizhang/copywriting/egg/node_modules/.npminstall/mysql/2.18.1/mysql/lib/Connection.js:526:10)
    at Socket.emit (events.js:182:13)
    at addChunk (_stream_readable.js:279:12)
    at readableAddChunk (_stream_readable.js:264:11)
    at Socket.Readable.push (_stream_readable.js:219:10)
    at TCP.onread (net.js:636:20)
    --------------------
    at Protocol._enqueue (/Users/choizhang/copywriting/egg/node_modules/.npminstall/mysql/2.18.1/mysql/lib/protocol/Protocol.js:144:48)
    at Protocol.handshake (/Users/choizhang/copywriting/egg/node_modules/.npminstall/mysql/2.18.1/mysql/lib/protocol/Protocol.js:51:23)
    at PoolConnection.connect (/Users/choizhang/copywriting/egg/node_modules/.npminstall/mysql/2.18.1/mysql/lib/Connection.js:116:18)
    at Pool.getConnection (/Users/choizhang/copywriting/egg/node_modules/.npminstall/mysql/2.18.1/mysql/lib/Pool.js:48:16)
    at /Users/choizhang/copywriting/egg/node_modules/.npminstall/pify/2.3.0/pify/index.js:29:7
    at new Promise (<anonymous>)
    at Pool.<anonymous> (/Users/choizhang/copywriting/egg/node_modules/.npminstall/pify/2.3.0/pify/index.js:12:10)
    at Pool.ret [as getConnection] (/Users/choizhang/copywriting/egg/node_modules/.npminstall/pify/2.3.0/pify/index.js:56:34)
    at Pool.query (/Users/choizhang/copywriting/egg/node_modules/.npminstall/mysql/2.18.1/mysql/lib/Pool.js:202:8)
    at /Users/choizhang/copywriting/egg/node_modules/.npminstall/pify/2.3.0/pify/index.js:29:7
    at new Promise (<anonymous>)
    at Pool.<anonymous> (/Users/choizhang/copywriting/egg/node_modules/.npminstall/pify/2.3.0/pify/index.js:12:10)
    at Pool.ret [as query] (/Users/choizhang/copywriting/egg/node_modules/.npminstall/pify/2.3.0/pify/index.js:56:34)
    at RDSClient.proto._query (/Users/choizhang/copywriting/egg/node_modules/.npminstall/ali-rds/3.3.1/ali-rds/lib/client.js:34:20)
    at RDSClient.proto.query (/Users/choizhang/copywriting/egg/node_modules/.npminstall/ali-rds/3.3.1/ali-rds/lib/operator.js:54:29)
    at proto.query.next (<anonymous>)
    sql: select now() as currentTime;
code: "ER_ACCESS_DENIED_ERROR"
errno: 1045
sqlMessage: "Access denied for user 'hsh_hk'@'117.139.13.88' (using password: YES)"
sqlState: "28000"
fatal: true
name: "ER_ACCESS_DENIED_ERRORError"
pid: 91089
hostname: choizhangdeMacBook-Pro-2.local

2020-04-09 16:40:32,810 ERROR 91305 [-/127.0.0.1/-/1ms GET /] nodejs.ER_ACCESS_DENIED_ERRORError: ER_ACCESS_DENIED_ERROR: Access denied for user 'hsh_hk'@'117.139.13.88' (using password: YES)
    at Handshake.Sequence._packetToError (/Users/choizhang/copywriting/egg/node_modules/.npminstall/mysql/2.18.1/mysql/lib/protocol/sequences/Sequence.js:47:14)
    at Handshake.ErrorPacket (/Users/choizhang/copywriting/egg/node_modules/.npminstall/mysql/2.18.1/mysql/lib/protocol/sequences/Handshake.js:123:18)
    at Protocol._parsePacket (/Users/choizhang/copywriting/egg/node_modules/.npminstall/mysql/2.18.1/mysql/lib/protocol/Protocol.js:291:23)
    at Parser._parsePacket (/Users/choizhang/copywriting/egg/node_modules/.npminstall/mysql/2.18.1/mysql/lib/protocol/Parser.js:433:10)
    at Parser.write (/Users/choizhang/copywriting/egg/node_modules/.npminstall/mysql/2.18.1/mysql/lib/protocol/Parser.js:43:10)
    at Protocol.write (/Users/choizhang/copywriting/egg/node_modules/.npminstall/mysql/2.18.1/mysql/lib/protocol/Protocol.js:38:16)
    at Socket.<anonymous> (/Users/choizhang/copywriting/egg/node_modules/.npminstall/mysql/2.18.1/mysql/lib/Connection.js:88:28)
    at Socket.<anonymous> (/Users/choizhang/copywriting/egg/node_modules/.npminstall/mysql/2.18.1/mysql/lib/Connection.js:526:10)
    at Socket.emit (events.js:182:13)
    at addChunk (_stream_readable.js:279:12)
    at readableAddChunk (_stream_readable.js:264:11)
    at Socket.Readable.push (_stream_readable.js:219:10)
    at TCP.onread (net.js:636:20)
    --------------------
    at Protocol._enqueue (/Users/choizhang/copywriting/egg/node_modules/.npminstall/mysql/2.18.1/mysql/lib/protocol/Protocol.js:144:48)
    at Protocol.handshake (/Users/choizhang/copywriting/egg/node_modules/.npminstall/mysql/2.18.1/mysql/lib/protocol/Protocol.js:51:23)
    at PoolConnection.connect (/Users/choizhang/copywriting/egg/node_modules/.npminstall/mysql/2.18.1/mysql/lib/Connection.js:116:18)
    at Pool.getConnection (/Users/choizhang/copywriting/egg/node_modules/.npminstall/mysql/2.18.1/mysql/lib/Pool.js:48:16)
    at /Users/choizhang/copywriting/egg/node_modules/.npminstall/pify/2.3.0/pify/index.js:29:7
    at new Promise (<anonymous>)
    at Pool.<anonymous> (/Users/choizhang/copywriting/egg/node_modules/.npminstall/pify/2.3.0/pify/index.js:12:10)
    at Pool.ret [as getConnection] (/Users/choizhang/copywriting/egg/node_modules/.npminstall/pify/2.3.0/pify/index.js:56:34)
    at Pool.query (/Users/choizhang/copywriting/egg/node_modules/.npminstall/mysql/2.18.1/mysql/lib/Pool.js:202:8)
    at /Users/choizhang/copywriting/egg/node_modules/.npminstall/pify/2.3.0/pify/index.js:29:7
    at new Promise (<anonymous>)
    at Pool.<anonymous> (/Users/choizhang/copywriting/egg/node_modules/.npminstall/pify/2.3.0/pify/index.js:12:10)
    at Pool.ret [as query] (/Users/choizhang/copywriting/egg/node_modules/.npminstall/pify/2.3.0/pify/index.js:56:34)
    at RDSClient.proto._query (/Users/choizhang/copywriting/egg/node_modules/.npminstall/ali-rds/3.3.1/ali-rds/lib/client.js:34:20)
    at RDSClient.proto.query (/Users/choizhang/copywriting/egg/node_modules/.npminstall/ali-rds/3.3.1/ali-rds/lib/operator.js:54:29)
    at proto.query.next (<anonymous>)
    sql: select now() as currentTime;
code: "ER_ACCESS_DENIED_ERROR"
errno: 1045
sqlMessage: "Access denied for user 'hsh_hk'@'117.139.13.88' (using password: YES)"
sqlState: "28000"
fatal: true
name: "ER_ACCESS_DENIED_ERRORError"
pid: 91305
hostname: choizhangdeMacBook-Pro-2.local

2020-04-09 16:41:22,138 ERROR 91340 [-/127.0.0.1/-/1ms GET /] nodejs.ER_ACCESS_DENIED_ERRORError: ER_ACCESS_DENIED_ERROR: Access denied for user 'hsh_hk'@'117.139.13.88' (using password: YES)
    at Handshake.Sequence._packetToError (/Users/choizhang/copywriting/egg/node_modules/.npminstall/mysql/2.18.1/mysql/lib/protocol/sequences/Sequence.js:47:14)
    at Handshake.ErrorPacket (/Users/choizhang/copywriting/egg/node_modules/.npminstall/mysql/2.18.1/mysql/lib/protocol/sequences/Handshake.js:123:18)
    at Protocol._parsePacket (/Users/choizhang/copywriting/egg/node_modules/.npminstall/mysql/2.18.1/mysql/lib/protocol/Protocol.js:291:23)
    at Parser._parsePacket (/Users/choizhang/copywriting/egg/node_modules/.npminstall/mysql/2.18.1/mysql/lib/protocol/Parser.js:433:10)
    at Parser.write (/Users/choizhang/copywriting/egg/node_modules/.npminstall/mysql/2.18.1/mysql/lib/protocol/Parser.js:43:10)
    at Protocol.write (/Users/choizhang/copywriting/egg/node_modules/.npminstall/mysql/2.18.1/mysql/lib/protocol/Protocol.js:38:16)
    at Socket.<anonymous> (/Users/choizhang/copywriting/egg/node_modules/.npminstall/mysql/2.18.1/mysql/lib/Connection.js:88:28)
    at Socket.<anonymous> (/Users/choizhang/copywriting/egg/node_modules/.npminstall/mysql/2.18.1/mysql/lib/Connection.js:526:10)
    at Socket.emit (events.js:182:13)
    at addChunk (_stream_readable.js:279:12)
    at readableAddChunk (_stream_readable.js:264:11)
    at Socket.Readable.push (_stream_readable.js:219:10)
    at TCP.onread (net.js:636:20)
    --------------------
    at Protocol._enqueue (/Users/choizhang/copywriting/egg/node_modules/.npminstall/mysql/2.18.1/mysql/lib/protocol/Protocol.js:144:48)
    at Protocol.handshake (/Users/choizhang/copywriting/egg/node_modules/.npminstall/mysql/2.18.1/mysql/lib/protocol/Protocol.js:51:23)
    at PoolConnection.connect (/Users/choizhang/copywriting/egg/node_modules/.npminstall/mysql/2.18.1/mysql/lib/Connection.js:116:18)
    at Pool.getConnection (/Users/choizhang/copywriting/egg/node_modules/.npminstall/mysql/2.18.1/mysql/lib/Pool.js:48:16)
    at /Users/choizhang/copywriting/egg/node_modules/.npminstall/pify/2.3.0/pify/index.js:29:7
    at new Promise (<anonymous>)
    at Pool.<anonymous> (/Users/choizhang/copywriting/egg/node_modules/.npminstall/pify/2.3.0/pify/index.js:12:10)
    at Pool.ret [as getConnection] (/Users/choizhang/copywriting/egg/node_modules/.npminstall/pify/2.3.0/pify/index.js:56:34)
    at Pool.query (/Users/choizhang/copywriting/egg/node_modules/.npminstall/mysql/2.18.1/mysql/lib/Pool.js:202:8)
    at /Users/choizhang/copywriting/egg/node_modules/.npminstall/pify/2.3.0/pify/index.js:29:7
    at new Promise (<anonymous>)
    at Pool.<anonymous> (/Users/choizhang/copywriting/egg/node_modules/.npminstall/pify/2.3.0/pify/index.js:12:10)
    at Pool.ret [as query] (/Users/choizhang/copywriting/egg/node_modules/.npminstall/pify/2.3.0/pify/index.js:56:34)
    at RDSClient.proto._query (/Users/choizhang/copywriting/egg/node_modules/.npminstall/ali-rds/3.3.1/ali-rds/lib/client.js:34:20)
    at RDSClient.proto.query (/Users/choizhang/copywriting/egg/node_modules/.npminstall/ali-rds/3.3.1/ali-rds/lib/operator.js:54:29)
    at proto.query.next (<anonymous>)
    sql: select now() as currentTime;
code: "ER_ACCESS_DENIED_ERROR"
errno: 1045
sqlMessage: "Access denied for user 'hsh_hk'@'117.139.13.88' (using password: YES)"
sqlState: "28000"
fatal: true
name: "ER_ACCESS_DENIED_ERRORError"
pid: 91340
hostname: choizhangdeMacBook-Pro-2.local

2020-04-09 16:41:38,648 ERROR 91355 [-/127.0.0.1/-/0ms GET /] nodejs.ER_ACCESS_DENIED_ERRORError: ER_ACCESS_DENIED_ERROR: Access denied for user 'hsh_hk'@'117.139.13.88' (using password: YES)
    at Handshake.Sequence._packetToError (/Users/choizhang/copywriting/egg/node_modules/.npminstall/mysql/2.18.1/mysql/lib/protocol/sequences/Sequence.js:47:14)
    at Handshake.ErrorPacket (/Users/choizhang/copywriting/egg/node_modules/.npminstall/mysql/2.18.1/mysql/lib/protocol/sequences/Handshake.js:123:18)
    at Protocol._parsePacket (/Users/choizhang/copywriting/egg/node_modules/.npminstall/mysql/2.18.1/mysql/lib/protocol/Protocol.js:291:23)
    at Parser._parsePacket (/Users/choizhang/copywriting/egg/node_modules/.npminstall/mysql/2.18.1/mysql/lib/protocol/Parser.js:433:10)
    at Parser.write (/Users/choizhang/copywriting/egg/node_modules/.npminstall/mysql/2.18.1/mysql/lib/protocol/Parser.js:43:10)
    at Protocol.write (/Users/choizhang/copywriting/egg/node_modules/.npminstall/mysql/2.18.1/mysql/lib/protocol/Protocol.js:38:16)
    at Socket.<anonymous> (/Users/choizhang/copywriting/egg/node_modules/.npminstall/mysql/2.18.1/mysql/lib/Connection.js:88:28)
    at Socket.<anonymous> (/Users/choizhang/copywriting/egg/node_modules/.npminstall/mysql/2.18.1/mysql/lib/Connection.js:526:10)
    at Socket.emit (events.js:182:13)
    at addChunk (_stream_readable.js:279:12)
    at readableAddChunk (_stream_readable.js:264:11)
    at Socket.Readable.push (_stream_readable.js:219:10)
    at TCP.onread (net.js:636:20)
    --------------------
    at Protocol._enqueue (/Users/choizhang/copywriting/egg/node_modules/.npminstall/mysql/2.18.1/mysql/lib/protocol/Protocol.js:144:48)
    at Protocol.handshake (/Users/choizhang/copywriting/egg/node_modules/.npminstall/mysql/2.18.1/mysql/lib/protocol/Protocol.js:51:23)
    at PoolConnection.connect (/Users/choizhang/copywriting/egg/node_modules/.npminstall/mysql/2.18.1/mysql/lib/Connection.js:116:18)
    at Pool.getConnection (/Users/choizhang/copywriting/egg/node_modules/.npminstall/mysql/2.18.1/mysql/lib/Pool.js:48:16)
    at /Users/choizhang/copywriting/egg/node_modules/.npminstall/pify/2.3.0/pify/index.js:29:7
    at new Promise (<anonymous>)
    at Pool.<anonymous> (/Users/choizhang/copywriting/egg/node_modules/.npminstall/pify/2.3.0/pify/index.js:12:10)
    at Pool.ret [as getConnection] (/Users/choizhang/copywriting/egg/node_modules/.npminstall/pify/2.3.0/pify/index.js:56:34)
    at Pool.query (/Users/choizhang/copywriting/egg/node_modules/.npminstall/mysql/2.18.1/mysql/lib/Pool.js:202:8)
    at /Users/choizhang/copywriting/egg/node_modules/.npminstall/pify/2.3.0/pify/index.js:29:7
    at new Promise (<anonymous>)
    at Pool.<anonymous> (/Users/choizhang/copywriting/egg/node_modules/.npminstall/pify/2.3.0/pify/index.js:12:10)
    at Pool.ret [as query] (/Users/choizhang/copywriting/egg/node_modules/.npminstall/pify/2.3.0/pify/index.js:56:34)
    at RDSClient.proto._query (/Users/choizhang/copywriting/egg/node_modules/.npminstall/ali-rds/3.3.1/ali-rds/lib/client.js:34:20)
    at RDSClient.proto.query (/Users/choizhang/copywriting/egg/node_modules/.npminstall/ali-rds/3.3.1/ali-rds/lib/operator.js:54:29)
    at proto.query.next (<anonymous>)
    sql: select now() as currentTime;
code: "ER_ACCESS_DENIED_ERROR"
errno: 1045
sqlMessage: "Access denied for user 'hsh_hk'@'117.139.13.88' (using password: YES)"
sqlState: "28000"
fatal: true
name: "ER_ACCESS_DENIED_ERRORError"
pid: 91355
hostname: choizhangdeMacBook-Pro-2.local

2020-04-09 17:00:43,866 ERROR 92349 [-/127.0.0.1/-/0ms GET /] nodejs.ER_ACCESS_DENIED_ERRORError: ER_ACCESS_DENIED_ERROR: Access denied for user 'hsh_hk'@'117.139.13.88' (using password: YES)
    at Handshake.Sequence._packetToError (/Users/choizhang/copywriting/egg/node_modules/.npminstall/mysql/2.18.1/mysql/lib/protocol/sequences/Sequence.js:47:14)
    at Handshake.ErrorPacket (/Users/choizhang/copywriting/egg/node_modules/.npminstall/mysql/2.18.1/mysql/lib/protocol/sequences/Handshake.js:123:18)
    at Protocol._parsePacket (/Users/choizhang/copywriting/egg/node_modules/.npminstall/mysql/2.18.1/mysql/lib/protocol/Protocol.js:291:23)
    at Parser._parsePacket (/Users/choizhang/copywriting/egg/node_modules/.npminstall/mysql/2.18.1/mysql/lib/protocol/Parser.js:433:10)
    at Parser.write (/Users/choizhang/copywriting/egg/node_modules/.npminstall/mysql/2.18.1/mysql/lib/protocol/Parser.js:43:10)
    at Protocol.write (/Users/choizhang/copywriting/egg/node_modules/.npminstall/mysql/2.18.1/mysql/lib/protocol/Protocol.js:38:16)
    at Socket.<anonymous> (/Users/choizhang/copywriting/egg/node_modules/.npminstall/mysql/2.18.1/mysql/lib/Connection.js:88:28)
    at Socket.<anonymous> (/Users/choizhang/copywriting/egg/node_modules/.npminstall/mysql/2.18.1/mysql/lib/Connection.js:526:10)
    at Socket.emit (events.js:182:13)
    at addChunk (_stream_readable.js:279:12)
    at readableAddChunk (_stream_readable.js:264:11)
    at Socket.Readable.push (_stream_readable.js:219:10)
    at TCP.onread (net.js:636:20)
    --------------------
    at Protocol._enqueue (/Users/choizhang/copywriting/egg/node_modules/.npminstall/mysql/2.18.1/mysql/lib/protocol/Protocol.js:144:48)
    at Protocol.handshake (/Users/choizhang/copywriting/egg/node_modules/.npminstall/mysql/2.18.1/mysql/lib/protocol/Protocol.js:51:23)
    at PoolConnection.connect (/Users/choizhang/copywriting/egg/node_modules/.npminstall/mysql/2.18.1/mysql/lib/Connection.js:116:18)
    at Pool.getConnection (/Users/choizhang/copywriting/egg/node_modules/.npminstall/mysql/2.18.1/mysql/lib/Pool.js:48:16)
    at /Users/choizhang/copywriting/egg/node_modules/.npminstall/pify/2.3.0/pify/index.js:29:7
    at new Promise (<anonymous>)
    at Pool.<anonymous> (/Users/choizhang/copywriting/egg/node_modules/.npminstall/pify/2.3.0/pify/index.js:12:10)
    at Pool.ret [as getConnection] (/Users/choizhang/copywriting/egg/node_modules/.npminstall/pify/2.3.0/pify/index.js:56:34)
    at Pool.query (/Users/choizhang/copywriting/egg/node_modules/.npminstall/mysql/2.18.1/mysql/lib/Pool.js:202:8)
    at /Users/choizhang/copywriting/egg/node_modules/.npminstall/pify/2.3.0/pify/index.js:29:7
    at new Promise (<anonymous>)
    at Pool.<anonymous> (/Users/choizhang/copywriting/egg/node_modules/.npminstall/pify/2.3.0/pify/index.js:12:10)
    at Pool.ret [as query] (/Users/choizhang/copywriting/egg/node_modules/.npminstall/pify/2.3.0/pify/index.js:56:34)
    at RDSClient.proto._query (/Users/choizhang/copywriting/egg/node_modules/.npminstall/ali-rds/3.3.1/ali-rds/lib/client.js:34:20)
    at RDSClient.proto.query (/Users/choizhang/copywriting/egg/node_modules/.npminstall/ali-rds/3.3.1/ali-rds/lib/operator.js:54:29)
    at proto.query.next (<anonymous>)
    sql: select now() as currentTime;
code: "ER_ACCESS_DENIED_ERROR"
errno: 1045
sqlMessage: "Access denied for user 'hsh_hk'@'117.139.13.88' (using password: YES)"
sqlState: "28000"
fatal: true
name: "ER_ACCESS_DENIED_ERRORError"
pid: 92349
hostname: choizhangdeMacBook-Pro-2.local

2020-04-09 17:01:09,306 ERROR 92376 [-/127.0.0.1/-/1ms GET /] nodejs.ER_ACCESS_DENIED_ERRORError: ER_ACCESS_DENIED_ERROR: Access denied for user 'hsh_hk'@'117.139.13.88' (using password: YES)
    at Handshake.Sequence._packetToError (/Users/choizhang/copywriting/egg/node_modules/.npminstall/mysql/2.18.1/mysql/lib/protocol/sequences/Sequence.js:47:14)
    at Handshake.ErrorPacket (/Users/choizhang/copywriting/egg/node_modules/.npminstall/mysql/2.18.1/mysql/lib/protocol/sequences/Handshake.js:123:18)
    at Protocol._parsePacket (/Users/choizhang/copywriting/egg/node_modules/.npminstall/mysql/2.18.1/mysql/lib/protocol/Protocol.js:291:23)
    at Parser._parsePacket (/Users/choizhang/copywriting/egg/node_modules/.npminstall/mysql/2.18.1/mysql/lib/protocol/Parser.js:433:10)
    at Parser.write (/Users/choizhang/copywriting/egg/node_modules/.npminstall/mysql/2.18.1/mysql/lib/protocol/Parser.js:43:10)
    at Protocol.write (/Users/choizhang/copywriting/egg/node_modules/.npminstall/mysql/2.18.1/mysql/lib/protocol/Protocol.js:38:16)
    at Socket.<anonymous> (/Users/choizhang/copywriting/egg/node_modules/.npminstall/mysql/2.18.1/mysql/lib/Connection.js:88:28)
    at Socket.<anonymous> (/Users/choizhang/copywriting/egg/node_modules/.npminstall/mysql/2.18.1/mysql/lib/Connection.js:526:10)
    at Socket.emit (events.js:182:13)
    at addChunk (_stream_readable.js:279:12)
    at readableAddChunk (_stream_readable.js:264:11)
    at Socket.Readable.push (_stream_readable.js:219:10)
    at TCP.onread (net.js:636:20)
    --------------------
    at Protocol._enqueue (/Users/choizhang/copywriting/egg/node_modules/.npminstall/mysql/2.18.1/mysql/lib/protocol/Protocol.js:144:48)
    at Protocol.handshake (/Users/choizhang/copywriting/egg/node_modules/.npminstall/mysql/2.18.1/mysql/lib/protocol/Protocol.js:51:23)
    at PoolConnection.connect (/Users/choizhang/copywriting/egg/node_modules/.npminstall/mysql/2.18.1/mysql/lib/Connection.js:116:18)
    at Pool.getConnection (/Users/choizhang/copywriting/egg/node_modules/.npminstall/mysql/2.18.1/mysql/lib/Pool.js:48:16)
    at /Users/choizhang/copywriting/egg/node_modules/.npminstall/pify/2.3.0/pify/index.js:29:7
    at new Promise (<anonymous>)
    at Pool.<anonymous> (/Users/choizhang/copywriting/egg/node_modules/.npminstall/pify/2.3.0/pify/index.js:12:10)
    at Pool.ret [as getConnection] (/Users/choizhang/copywriting/egg/node_modules/.npminstall/pify/2.3.0/pify/index.js:56:34)
    at Pool.query (/Users/choizhang/copywriting/egg/node_modules/.npminstall/mysql/2.18.1/mysql/lib/Pool.js:202:8)
    at /Users/choizhang/copywriting/egg/node_modules/.npminstall/pify/2.3.0/pify/index.js:29:7
    at new Promise (<anonymous>)
    at Pool.<anonymous> (/Users/choizhang/copywriting/egg/node_modules/.npminstall/pify/2.3.0/pify/index.js:12:10)
    at Pool.ret [as query] (/Users/choizhang/copywriting/egg/node_modules/.npminstall/pify/2.3.0/pify/index.js:56:34)
    at RDSClient.proto._query (/Users/choizhang/copywriting/egg/node_modules/.npminstall/ali-rds/3.3.1/ali-rds/lib/client.js:34:20)
    at RDSClient.proto.query (/Users/choizhang/copywriting/egg/node_modules/.npminstall/ali-rds/3.3.1/ali-rds/lib/operator.js:54:29)
    at proto.query.next (<anonymous>)
    sql: select now() as currentTime;
code: "ER_ACCESS_DENIED_ERROR"
errno: 1045
sqlMessage: "Access denied for user 'hsh_hk'@'117.139.13.88' (using password: YES)"
sqlState: "28000"
fatal: true
name: "ER_ACCESS_DENIED_ERRORError"
pid: 92376
hostname: choizhangdeMacBook-Pro-2.local

2020-04-09 17:01:43,988 ERROR 92170 nodejs.Error: [ClusterClient] leader does not be active in 60000ms on port:58450
    at Function.waitFor (/Users/choizhang/copywriting/egg/node_modules/cluster-client/lib/server.js:238:15)
    at process._tickCallback (internal/process/next_tick.js:68:7)

pid: 92170
hostname: choizhangdeMacBook-Pro-2.local

2020-04-09 20:39:23,285 ERROR 92433 nodejs.ClusterClientNoResponseError: client no response in 1218888ms exceeding maxIdleTime 60000ms, maybe the connection is close on other side.
    at Timeout.Leader._heartbeatTimer.setInterval [as _onTimeout] (/Users/choizhang/copywriting/egg/node_modules/cluster-client/lib/leader.js:77:23)
    at ontimeout (timers.js:427:11)
    at tryOnTimeout (timers.js:289:5)
    at listOnTimeout (timers.js:252:5)
    at Timer.processTimers (timers.js:212:10)
name: "ClusterClientNoResponseError"
pid: 92433
hostname: choizhangdeMacBook-Pro-2.local

2020-04-09 21:00:23,973 ERROR 92433 nodejs.ClusterClientNoResponseError: client no response in 1220606ms exceeding maxIdleTime 60000ms, maybe the connection is close on other side.
    at Timeout.Leader._heartbeatTimer.setInterval [as _onTimeout] (/Users/choizhang/copywriting/egg/node_modules/cluster-client/lib/leader.js:77:23)
    at ontimeout (timers.js:427:11)
    at tryOnTimeout (timers.js:289:5)
    at listOnTimeout (timers.js:252:5)
    at Timer.processTimers (timers.js:212:10)
name: "ClusterClientNoResponseError"
pid: 92433
hostname: choizhangdeMacBook-Pro-2.local

2020-04-09 21:16:08,431 ERROR 92433 nodejs.ClusterClientNoResponseError: client no response in 904353ms exceeding maxIdleTime 60000ms, maybe the connection is close on other side.
    at Timeout.Leader._heartbeatTimer.setInterval [as _onTimeout] (/Users/choizhang/copywriting/egg/node_modules/cluster-client/lib/leader.js:77:23)
    at ontimeout (timers.js:427:11)
    at tryOnTimeout (timers.js:289:5)
    at listOnTimeout (timers.js:252:5)
    at Timer.processTimers (timers.js:212:10)
name: "ClusterClientNoResponseError"
pid: 92433
hostname: choizhangdeMacBook-Pro-2.local

2020-04-09 21:18:53,363 ERROR 92433 nodejs.ClusterClientNoResponseError: client no response in 95910ms exceeding maxIdleTime 60000ms, maybe the connection is close on other side.
    at Timeout.Leader._heartbeatTimer.setInterval [as _onTimeout] (/Users/choizhang/copywriting/egg/node_modules/cluster-client/lib/leader.js:77:23)
    at ontimeout (timers.js:427:11)
    at tryOnTimeout (timers.js:289:5)
    at listOnTimeout (timers.js:252:5)
    at Timer.processTimers (timers.js:212:10)
name: "ClusterClientNoResponseError"
pid: 92433
hostname: choizhangdeMacBook-Pro-2.local

