2020-04-09 00:03:51,816 INFO 71438 [egg-schedule]: register schedule /Users/choizhang/copywriting/egg/node_modules/egg-multipart/app/schedule/clean_tmpdir.js
2020-04-09 00:03:51,816 INFO 71438 [egg-schedule]: register schedule /Users/choizhang/copywriting/egg/node_modules/egg-logrotator/app/schedule/clean_log.js
2020-04-09 00:03:51,816 INFO 71438 [egg-schedule]: register schedule /Users/choizhang/copywriting/egg/node_modules/egg-logrotator/app/schedule/rotate_by_file.js
2020-04-09 00:07:36,033 INFO 71590 [egg-schedule]: register schedule /Users/choizhang/copywriting/egg/node_modules/egg-multipart/app/schedule/clean_tmpdir.js
2020-04-09 00:07:36,033 INFO 71590 [egg-schedule]: register schedule /Users/choizhang/copywriting/egg/node_modules/egg-logrotator/app/schedule/clean_log.js
2020-04-09 00:07:36,033 INFO 71590 [egg-schedule]: register schedule /Users/choizhang/copywriting/egg/node_modules/egg-logrotator/app/schedule/rotate_by_file.js
2020-04-09 00:07:52,844 INFO 71611 [egg-schedule]: register schedule /Users/choizhang/copywriting/egg/node_modules/egg-multipart/app/schedule/clean_tmpdir.js
2020-04-09 00:07:52,844 INFO 71611 [egg-schedule]: register schedule /Users/choizhang/copywriting/egg/node_modules/egg-logrotator/app/schedule/clean_log.js
2020-04-09 00:07:52,844 INFO 71611 [egg-schedule]: register schedule /Users/choizhang/copywriting/egg/node_modules/egg-logrotator/app/schedule/rotate_by_file.js
2020-04-09 00:09:51,689 INFO 71722 [egg-schedule]: register schedule /Users/choizhang/copywriting/egg/node_modules/egg-multipart/app/schedule/clean_tmpdir.js
2020-04-09 00:09:51,689 INFO 71722 [egg-schedule]: register schedule /Users/choizhang/copywriting/egg/node_modules/egg-logrotator/app/schedule/clean_log.js
2020-04-09 00:09:51,689 INFO 71722 [egg-schedule]: register schedule /Users/choizhang/copywriting/egg/node_modules/egg-logrotator/app/schedule/rotate_by_file.js
2020-04-09 00:10:13,140 INFO 71742 [egg-schedule]: register schedule /Users/choizhang/copywriting/egg/node_modules/egg-multipart/app/schedule/clean_tmpdir.js
2020-04-09 00:10:13,140 INFO 71742 [egg-schedule]: register schedule /Users/choizhang/copywriting/egg/node_modules/egg-logrotator/app/schedule/clean_log.js
2020-04-09 00:10:13,140 INFO 71742 [egg-schedule]: register schedule /Users/choizhang/copywriting/egg/node_modules/egg-logrotator/app/schedule/rotate_by_file.js
2020-04-09 00:32:50,402 INFO 72746 [egg-schedule]: register schedule /Users/choizhang/copywriting/egg/node_modules/egg-multipart/app/schedule/clean_tmpdir.js
2020-04-09 00:32:50,402 INFO 72746 [egg-schedule]: register schedule /Users/choizhang/copywriting/egg/node_modules/egg-logrotator/app/schedule/clean_log.js
2020-04-09 00:32:50,402 INFO 72746 [egg-schedule]: register schedule /Users/choizhang/copywriting/egg/node_modules/egg-logrotator/app/schedule/rotate_by_file.js
2020-04-09 00:32:50,725 INFO 72743 [Timer] /Users/choizhang/copywriting/egg/node_modules/egg-multipart/app/schedule/clean_tmpdir.js next time will execute after 14229278ms at 2020-04-09 04:30:00.003
2020-04-09 00:32:50,726 INFO 72743 [Timer] /Users/choizhang/copywriting/egg/node_modules/egg-logrotator/app/schedule/clean_log.js next time will execute after 84429275ms at 2020-04-10 00:00:00.001
2020-04-09 00:32:50,727 INFO 72743 [Timer] /Users/choizhang/copywriting/egg/node_modules/egg-logrotator/app/schedule/rotate_by_file.js next time will execute after 84430274ms at 2020-04-10 00:00:01.001
2020-04-09 00:34:08,861 INFO 72809 [egg-schedule]: register schedule /Users/choizhang/copywriting/egg/node_modules/egg-multipart/app/schedule/clean_tmpdir.js
2020-04-09 00:34:08,861 INFO 72809 [egg-schedule]: register schedule /Users/choizhang/copywriting/egg/node_modules/egg-logrotator/app/schedule/clean_log.js
2020-04-09 00:34:08,861 INFO 72809 [egg-schedule]: register schedule /Users/choizhang/copywriting/egg/node_modules/egg-logrotator/app/schedule/rotate_by_file.js
2020-04-09 00:34:59,903 INFO 72849 [egg-schedule]: register schedule /Users/choizhang/copywriting/egg/node_modules/egg-multipart/app/schedule/clean_tmpdir.js
2020-04-09 00:34:59,903 INFO 72849 [egg-schedule]: register schedule /Users/choizhang/copywriting/egg/node_modules/egg-logrotator/app/schedule/clean_log.js
2020-04-09 00:34:59,903 INFO 72849 [egg-schedule]: register schedule /Users/choizhang/copywriting/egg/node_modules/egg-logrotator/app/schedule/rotate_by_file.js
2020-04-09 00:43:19,502 INFO 73208 [egg-schedule]: register schedule /Users/choizhang/copywriting/egg/node_modules/egg-multipart/app/schedule/clean_tmpdir.js
2020-04-09 00:43:19,502 INFO 73208 [egg-schedule]: register schedule /Users/choizhang/copywriting/egg/node_modules/egg-logrotator/app/schedule/clean_log.js
2020-04-09 00:43:19,502 INFO 73208 [egg-schedule]: register schedule /Users/choizhang/copywriting/egg/node_modules/egg-logrotator/app/schedule/rotate_by_file.js
2020-04-09 00:43:25,868 INFO 73217 [egg-schedule]: register schedule /Users/choizhang/copywriting/egg/node_modules/egg-multipart/app/schedule/clean_tmpdir.js
2020-04-09 00:43:25,868 INFO 73217 [egg-schedule]: register schedule /Users/choizhang/copywriting/egg/node_modules/egg-logrotator/app/schedule/clean_log.js
2020-04-09 00:43:25,868 INFO 73217 [egg-schedule]: register schedule /Users/choizhang/copywriting/egg/node_modules/egg-logrotator/app/schedule/rotate_by_file.js
2020-04-09 00:44:58,346 INFO 73281 [egg-schedule]: register schedule /Users/choizhang/copywriting/egg/node_modules/egg-multipart/app/schedule/clean_tmpdir.js
2020-04-09 00:44:58,346 INFO 73281 [egg-schedule]: register schedule /Users/choizhang/copywriting/egg/node_modules/egg-logrotator/app/schedule/clean_log.js
2020-04-09 00:44:58,346 INFO 73281 [egg-schedule]: register schedule /Users/choizhang/copywriting/egg/node_modules/egg-logrotator/app/schedule/rotate_by_file.js
2020-04-09 00:46:40,580 INFO 73359 [egg-schedule]: register schedule /Users/choizhang/copywriting/egg/node_modules/egg-multipart/app/schedule/clean_tmpdir.js
2020-04-09 00:46:40,580 INFO 73359 [egg-schedule]: register schedule /Users/choizhang/copywriting/egg/node_modules/egg-logrotator/app/schedule/clean_log.js
2020-04-09 00:46:40,580 INFO 73359 [egg-schedule]: register schedule /Users/choizhang/copywriting/egg/node_modules/egg-logrotator/app/schedule/rotate_by_file.js
2020-04-09 00:47:48,264 INFO 73404 [egg-schedule]: register schedule /Users/choizhang/copywriting/egg/node_modules/egg-multipart/app/schedule/clean_tmpdir.js
2020-04-09 00:47:48,264 INFO 73404 [egg-schedule]: register schedule /Users/choizhang/copywriting/egg/node_modules/egg-logrotator/app/schedule/clean_log.js
2020-04-09 00:47:48,264 INFO 73404 [egg-schedule]: register schedule /Users/choizhang/copywriting/egg/node_modules/egg-logrotator/app/schedule/rotate_by_file.js
2020-04-09 00:48:26,965 INFO 73437 [egg-schedule]: register schedule /Users/choizhang/copywriting/egg/node_modules/egg-multipart/app/schedule/clean_tmpdir.js
2020-04-09 00:48:26,965 INFO 73437 [egg-schedule]: register schedule /Users/choizhang/copywriting/egg/node_modules/egg-logrotator/app/schedule/clean_log.js
2020-04-09 00:48:26,965 INFO 73437 [egg-schedule]: register schedule /Users/choizhang/copywriting/egg/node_modules/egg-logrotator/app/schedule/rotate_by_file.js
2020-04-09 00:52:40,974 INFO 73618 [egg-schedule]: register schedule /Users/choizhang/copywriting/egg/node_modules/egg-multipart/app/schedule/clean_tmpdir.js
2020-04-09 00:52:40,974 INFO 73618 [egg-schedule]: register schedule /Users/choizhang/copywriting/egg/node_modules/egg-logrotator/app/schedule/clean_log.js
2020-04-09 00:52:40,974 INFO 73618 [egg-schedule]: register schedule /Users/choizhang/copywriting/egg/node_modules/egg-logrotator/app/schedule/rotate_by_file.js
2020-04-09 00:53:30,707 INFO 73653 [egg-schedule]: register schedule /Users/choizhang/copywriting/egg/node_modules/egg-multipart/app/schedule/clean_tmpdir.js
2020-04-09 00:53:30,707 INFO 73653 [egg-schedule]: register schedule /Users/choizhang/copywriting/egg/node_modules/egg-logrotator/app/schedule/clean_log.js
2020-04-09 00:53:30,707 INFO 73653 [egg-schedule]: register schedule /Users/choizhang/copywriting/egg/node_modules/egg-logrotator/app/schedule/rotate_by_file.js
2020-04-09 00:55:42,346 INFO 73749 [egg-schedule]: register schedule /Users/choizhang/copywriting/egg/node_modules/egg-multipart/app/schedule/clean_tmpdir.js
2020-04-09 00:55:42,346 INFO 73749 [egg-schedule]: register schedule /Users/choizhang/copywriting/egg/node_modules/egg-logrotator/app/schedule/clean_log.js
2020-04-09 00:55:42,346 INFO 73749 [egg-schedule]: register schedule /Users/choizhang/copywriting/egg/node_modules/egg-logrotator/app/schedule/rotate_by_file.js
2020-04-09 00:56:51,002 INFO 73805 [egg-schedule]: register schedule /Users/choizhang/copywriting/egg/node_modules/egg-multipart/app/schedule/clean_tmpdir.js
2020-04-09 00:56:51,002 INFO 73805 [egg-schedule]: register schedule /Users/choizhang/copywriting/egg/node_modules/egg-logrotator/app/schedule/clean_log.js
2020-04-09 00:56:51,002 INFO 73805 [egg-schedule]: register schedule /Users/choizhang/copywriting/egg/node_modules/egg-logrotator/app/schedule/rotate_by_file.js
2020-04-09 00:58:31,655 INFO 73877 [egg-schedule]: register schedule /Users/choizhang/copywriting/egg/node_modules/egg-multipart/app/schedule/clean_tmpdir.js
2020-04-09 00:58:31,655 INFO 73877 [egg-schedule]: register schedule /Users/choizhang/copywriting/egg/node_modules/egg-logrotator/app/schedule/clean_log.js
2020-04-09 00:58:31,655 INFO 73877 [egg-schedule]: register schedule /Users/choizhang/copywriting/egg/node_modules/egg-logrotator/app/schedule/rotate_by_file.js
2020-04-09 00:59:48,962 INFO 73929 [egg-schedule]: register schedule /Users/choizhang/copywriting/egg/node_modules/egg-multipart/app/schedule/clean_tmpdir.js
2020-04-09 00:59:48,962 INFO 73929 [egg-schedule]: register schedule /Users/choizhang/copywriting/egg/node_modules/egg-logrotator/app/schedule/clean_log.js
2020-04-09 00:59:48,962 INFO 73929 [egg-schedule]: register schedule /Users/choizhang/copywriting/egg/node_modules/egg-logrotator/app/schedule/rotate_by_file.js
2020-04-09 12:47:36,027 INFO 83231 [Timer] /Users/choizhang/copywriting/egg/node_modules/egg-multipart/app/schedule/clean_tmpdir.js next time will execute after 56543977ms at 2020-04-10 04:30:00.004
2020-04-09 12:47:36,028 INFO 83231 [Timer] /Users/choizhang/copywriting/egg/node_modules/egg-logrotator/app/schedule/clean_log.js next time will execute after 40343972ms at 2020-04-10 00:00:00.000
2020-04-09 12:47:36,029 INFO 83231 [Timer] /Users/choizhang/copywriting/egg/node_modules/egg-logrotator/app/schedule/rotate_by_file.js next time will execute after 40344972ms at 2020-04-10 00:00:01.001
2020-04-09 12:47:35,472 INFO 83232 [egg-schedule]: register schedule /Users/choizhang/copywriting/egg/node_modules/egg-multipart/app/schedule/clean_tmpdir.js
2020-04-09 12:47:35,472 INFO 83232 [egg-schedule]: register schedule /Users/choizhang/copywriting/egg/node_modules/egg-logrotator/app/schedule/clean_log.js
2020-04-09 12:47:35,472 INFO 83232 [egg-schedule]: register schedule /Users/choizhang/copywriting/egg/node_modules/egg-logrotator/app/schedule/rotate_by_file.js
2020-04-09 12:58:45,374 INFO 83709 [egg-schedule]: register schedule /Users/choizhang/copywriting/egg/node_modules/egg-multipart/app/schedule/clean_tmpdir.js
2020-04-09 12:58:45,374 INFO 83709 [egg-schedule]: register schedule /Users/choizhang/copywriting/egg/node_modules/egg-logrotator/app/schedule/clean_log.js
2020-04-09 12:58:45,374 INFO 83709 [egg-schedule]: register schedule /Users/choizhang/copywriting/egg/node_modules/egg-logrotator/app/schedule/rotate_by_file.js
2020-04-09 13:02:28,239 INFO 83924 [egg-schedule]: register schedule /Users/choizhang/copywriting/egg/node_modules/egg-multipart/app/schedule/clean_tmpdir.js
2020-04-09 13:02:28,239 INFO 83924 [egg-schedule]: register schedule /Users/choizhang/copywriting/egg/node_modules/egg-logrotator/app/schedule/clean_log.js
2020-04-09 13:02:28,239 INFO 83924 [egg-schedule]: register schedule /Users/choizhang/copywriting/egg/node_modules/egg-logrotator/app/schedule/rotate_by_file.js
2020-04-09 13:05:32,178 INFO 84066 [egg-schedule]: register schedule /Users/choizhang/copywriting/egg/node_modules/egg-multipart/app/schedule/clean_tmpdir.js
2020-04-09 13:05:32,178 INFO 84066 [egg-schedule]: register schedule /Users/choizhang/copywriting/egg/node_modules/egg-logrotator/app/schedule/clean_log.js
2020-04-09 13:05:32,178 INFO 84066 [egg-schedule]: register schedule /Users/choizhang/copywriting/egg/node_modules/egg-logrotator/app/schedule/rotate_by_file.js
2020-04-09 15:14:41,269 INFO 87122 [egg-schedule]: register schedule /Users/choizhang/copywriting/egg/node_modules/egg-multipart/app/schedule/clean_tmpdir.js
2020-04-09 15:14:41,269 INFO 87122 [egg-schedule]: register schedule /Users/choizhang/copywriting/egg/node_modules/egg-logrotator/app/schedule/clean_log.js
2020-04-09 15:14:41,269 INFO 87122 [egg-schedule]: register schedule /Users/choizhang/copywriting/egg/node_modules/egg-logrotator/app/schedule/rotate_by_file.js
2020-04-09 15:14:47,029 INFO 87128 [egg-schedule]: register schedule /Users/choizhang/copywriting/egg/node_modules/egg-multipart/app/schedule/clean_tmpdir.js
2020-04-09 15:14:47,030 INFO 87128 [egg-schedule]: register schedule /Users/choizhang/copywriting/egg/node_modules/egg-logrotator/app/schedule/clean_log.js
2020-04-09 15:14:47,030 INFO 87128 [egg-schedule]: register schedule /Users/choizhang/copywriting/egg/node_modules/egg-logrotator/app/schedule/rotate_by_file.js
2020-04-09 15:39:15,398 INFO 88170 [egg-schedule]: register schedule /Users/choizhang/copywriting/egg/node_modules/egg-multipart/app/schedule/clean_tmpdir.js
2020-04-09 15:39:15,398 INFO 88170 [egg-schedule]: register schedule /Users/choizhang/copywriting/egg/node_modules/egg-logrotator/app/schedule/clean_log.js
2020-04-09 15:39:15,398 INFO 88170 [egg-schedule]: register schedule /Users/choizhang/copywriting/egg/node_modules/egg-logrotator/app/schedule/rotate_by_file.js
2020-04-09 15:41:50,634 INFO 88301 [egg-schedule]: register schedule /Users/choizhang/copywriting/egg/node_modules/egg-multipart/app/schedule/clean_tmpdir.js
2020-04-09 15:41:50,634 INFO 88301 [egg-schedule]: register schedule /Users/choizhang/copywriting/egg/node_modules/egg-logrotator/app/schedule/clean_log.js
2020-04-09 15:41:50,634 INFO 88301 [egg-schedule]: register schedule /Users/choizhang/copywriting/egg/node_modules/egg-logrotator/app/schedule/rotate_by_file.js
2020-04-09 15:42:32,125 INFO 88337 [egg-schedule]: register schedule /Users/choizhang/copywriting/egg/node_modules/egg-multipart/app/schedule/clean_tmpdir.js
2020-04-09 15:42:32,125 INFO 88337 [egg-schedule]: register schedule /Users/choizhang/copywriting/egg/node_modules/egg-logrotator/app/schedule/clean_log.js
2020-04-09 15:42:32,125 INFO 88337 [egg-schedule]: register schedule /Users/choizhang/copywriting/egg/node_modules/egg-logrotator/app/schedule/rotate_by_file.js
2020-04-09 15:44:43,157 INFO 88435 [egg-schedule]: register schedule /Users/choizhang/copywriting/egg/node_modules/egg-multipart/app/schedule/clean_tmpdir.js
2020-04-09 15:44:43,157 INFO 88435 [egg-schedule]: register schedule /Users/choizhang/copywriting/egg/node_modules/egg-logrotator/app/schedule/clean_log.js
2020-04-09 15:44:43,157 INFO 88435 [egg-schedule]: register schedule /Users/choizhang/copywriting/egg/node_modules/egg-logrotator/app/schedule/rotate_by_file.js
2020-04-09 15:45:10,680 INFO 88452 [egg-schedule]: register schedule /Users/choizhang/copywriting/egg/node_modules/egg-multipart/app/schedule/clean_tmpdir.js
2020-04-09 15:45:10,680 INFO 88452 [egg-schedule]: register schedule /Users/choizhang/copywriting/egg/node_modules/egg-logrotator/app/schedule/clean_log.js
2020-04-09 15:45:10,680 INFO 88452 [egg-schedule]: register schedule /Users/choizhang/copywriting/egg/node_modules/egg-logrotator/app/schedule/rotate_by_file.js
2020-04-09 15:45:19,527 INFO 88469 [egg-schedule]: register schedule /Users/choizhang/copywriting/egg/node_modules/egg-multipart/app/schedule/clean_tmpdir.js
2020-04-09 15:45:19,527 INFO 88469 [egg-schedule]: register schedule /Users/choizhang/copywriting/egg/node_modules/egg-logrotator/app/schedule/clean_log.js
2020-04-09 15:45:19,527 INFO 88469 [egg-schedule]: register schedule /Users/choizhang/copywriting/egg/node_modules/egg-logrotator/app/schedule/rotate_by_file.js
2020-04-09 16:30:00,555 INFO 90764 [egg-schedule]: register schedule /Users/choizhang/copywriting/egg/node_modules/egg-multipart/app/schedule/clean_tmpdir.js
2020-04-09 16:30:00,555 INFO 90764 [egg-schedule]: register schedule /Users/choizhang/copywriting/egg/node_modules/egg-logrotator/app/schedule/clean_log.js
2020-04-09 16:30:00,555 INFO 90764 [egg-schedule]: register schedule /Users/choizhang/copywriting/egg/node_modules/egg-logrotator/app/schedule/rotate_by_file.js
2020-04-09 16:30:32,275 INFO 90798 [egg-schedule]: register schedule /Users/choizhang/copywriting/egg/node_modules/egg-multipart/app/schedule/clean_tmpdir.js
2020-04-09 16:30:32,276 INFO 90798 [egg-schedule]: register schedule /Users/choizhang/copywriting/egg/node_modules/egg-logrotator/app/schedule/clean_log.js
2020-04-09 16:30:32,276 INFO 90798 [egg-schedule]: register schedule /Users/choizhang/copywriting/egg/node_modules/egg-logrotator/app/schedule/rotate_by_file.js
2020-04-09 16:34:10,327 INFO 90990 [egg-schedule]: register schedule /Users/choizhang/copywriting/egg/node_modules/egg-multipart/app/schedule/clean_tmpdir.js
2020-04-09 16:34:10,327 INFO 90990 [egg-schedule]: register schedule /Users/choizhang/copywriting/egg/node_modules/egg-logrotator/app/schedule/clean_log.js
2020-04-09 16:34:10,327 INFO 90990 [egg-schedule]: register schedule /Users/choizhang/copywriting/egg/node_modules/egg-logrotator/app/schedule/rotate_by_file.js
2020-04-09 16:34:15,401 INFO 90997 [egg-schedule]: register schedule /Users/choizhang/copywriting/egg/node_modules/egg-multipart/app/schedule/clean_tmpdir.js
2020-04-09 16:34:15,401 INFO 90997 [egg-schedule]: register schedule /Users/choizhang/copywriting/egg/node_modules/egg-logrotator/app/schedule/clean_log.js
2020-04-09 16:34:15,401 INFO 90997 [egg-schedule]: register schedule /Users/choizhang/copywriting/egg/node_modules/egg-logrotator/app/schedule/rotate_by_file.js
2020-04-09 16:34:44,779 INFO 91015 [egg-schedule]: register schedule /Users/choizhang/copywriting/egg/node_modules/egg-multipart/app/schedule/clean_tmpdir.js
2020-04-09 16:34:44,779 INFO 91015 [egg-schedule]: register schedule /Users/choizhang/copywriting/egg/node_modules/egg-logrotator/app/schedule/clean_log.js
2020-04-09 16:34:44,779 INFO 91015 [egg-schedule]: register schedule /Users/choizhang/copywriting/egg/node_modules/egg-logrotator/app/schedule/rotate_by_file.js
2020-04-09 16:36:14,237 INFO 91089 [egg-schedule]: register schedule /Users/choizhang/copywriting/egg/node_modules/egg-multipart/app/schedule/clean_tmpdir.js
2020-04-09 16:36:14,237 INFO 91089 [egg-schedule]: register schedule /Users/choizhang/copywriting/egg/node_modules/egg-logrotator/app/schedule/clean_log.js
2020-04-09 16:36:14,237 INFO 91089 [egg-schedule]: register schedule /Users/choizhang/copywriting/egg/node_modules/egg-logrotator/app/schedule/rotate_by_file.js
2020-04-09 16:40:32,029 INFO 91305 [egg-schedule]: register schedule /Users/choizhang/copywriting/egg/node_modules/egg-multipart/app/schedule/clean_tmpdir.js
2020-04-09 16:40:32,029 INFO 91305 [egg-schedule]: register schedule /Users/choizhang/copywriting/egg/node_modules/egg-logrotator/app/schedule/clean_log.js
2020-04-09 16:40:32,029 INFO 91305 [egg-schedule]: register schedule /Users/choizhang/copywriting/egg/node_modules/egg-logrotator/app/schedule/rotate_by_file.js
2020-04-09 16:41:21,493 INFO 91340 [egg-schedule]: register schedule /Users/choizhang/copywriting/egg/node_modules/egg-multipart/app/schedule/clean_tmpdir.js
2020-04-09 16:41:21,493 INFO 91340 [egg-schedule]: register schedule /Users/choizhang/copywriting/egg/node_modules/egg-logrotator/app/schedule/clean_log.js
2020-04-09 16:41:21,493 INFO 91340 [egg-schedule]: register schedule /Users/choizhang/copywriting/egg/node_modules/egg-logrotator/app/schedule/rotate_by_file.js
2020-04-09 16:41:36,298 INFO 91355 [egg-schedule]: register schedule /Users/choizhang/copywriting/egg/node_modules/egg-multipart/app/schedule/clean_tmpdir.js
2020-04-09 16:41:36,298 INFO 91355 [egg-schedule]: register schedule /Users/choizhang/copywriting/egg/node_modules/egg-logrotator/app/schedule/clean_log.js
2020-04-09 16:41:36,298 INFO 91355 [egg-schedule]: register schedule /Users/choizhang/copywriting/egg/node_modules/egg-logrotator/app/schedule/rotate_by_file.js
2020-04-09 16:49:52,523 INFO 91743 [egg-schedule]: register schedule /Users/choizhang/copywriting/egg/node_modules/egg-multipart/app/schedule/clean_tmpdir.js
2020-04-09 16:49:52,523 INFO 91743 [egg-schedule]: register schedule /Users/choizhang/copywriting/egg/node_modules/egg-logrotator/app/schedule/clean_log.js
2020-04-09 16:49:52,523 INFO 91743 [egg-schedule]: register schedule /Users/choizhang/copywriting/egg/node_modules/egg-logrotator/app/schedule/rotate_by_file.js
2020-04-09 16:51:43,082 INFO 91881 [egg-schedule]: register schedule /Users/choizhang/copywriting/egg/node_modules/egg-multipart/app/schedule/clean_tmpdir.js
2020-04-09 16:51:43,082 INFO 91881 [egg-schedule]: register schedule /Users/choizhang/copywriting/egg/node_modules/egg-logrotator/app/schedule/clean_log.js
2020-04-09 16:51:43,082 INFO 91881 [egg-schedule]: register schedule /Users/choizhang/copywriting/egg/node_modules/egg-logrotator/app/schedule/rotate_by_file.js
2020-04-09 16:53:46,416 INFO 91877 [Timer] /Users/choizhang/copywriting/egg/node_modules/egg-multipart/app/schedule/clean_tmpdir.js next time will execute after 41773590ms at 2020-04-10 04:30:00.006
2020-04-09 16:53:46,417 INFO 91877 [Timer] /Users/choizhang/copywriting/egg/node_modules/egg-logrotator/app/schedule/clean_log.js next time will execute after 25573584ms at 2020-04-10 00:00:00.001
2020-04-09 16:53:46,418 INFO 91877 [Timer] /Users/choizhang/copywriting/egg/node_modules/egg-logrotator/app/schedule/rotate_by_file.js next time will execute after 25574583ms at 2020-04-10 00:00:01.001
2020-04-09 16:53:45,881 INFO 91976 [egg-schedule]: register schedule /Users/choizhang/copywriting/egg/node_modules/egg-multipart/app/schedule/clean_tmpdir.js
2020-04-09 16:53:45,881 INFO 91976 [egg-schedule]: register schedule /Users/choizhang/copywriting/egg/node_modules/egg-logrotator/app/schedule/clean_log.js
2020-04-09 16:53:45,881 INFO 91976 [egg-schedule]: register schedule /Users/choizhang/copywriting/egg/node_modules/egg-logrotator/app/schedule/rotate_by_file.js
2020-04-09 16:54:10,950 INFO 91993 [egg-schedule]: register schedule /Users/choizhang/copywriting/egg/node_modules/egg-multipart/app/schedule/clean_tmpdir.js
2020-04-09 16:54:10,950 INFO 91993 [egg-schedule]: register schedule /Users/choizhang/copywriting/egg/node_modules/egg-logrotator/app/schedule/clean_log.js
2020-04-09 16:54:10,950 INFO 91993 [egg-schedule]: register schedule /Users/choizhang/copywriting/egg/node_modules/egg-logrotator/app/schedule/rotate_by_file.js
2020-04-09 16:56:21,468 INFO 92125 [egg-schedule]: register schedule /Users/choizhang/copywriting/egg/node_modules/egg-multipart/app/schedule/clean_tmpdir.js
2020-04-09 16:56:21,469 INFO 92125 [egg-schedule]: register schedule /Users/choizhang/copywriting/egg/node_modules/egg-logrotator/app/schedule/clean_log.js
2020-04-09 16:56:21,469 INFO 92125 [egg-schedule]: register schedule /Users/choizhang/copywriting/egg/node_modules/egg-logrotator/app/schedule/rotate_by_file.js
2020-04-09 16:56:48,307 INFO 92170 [egg-schedule]: register schedule /Users/choizhang/copywriting/egg/node_modules/egg-multipart/app/schedule/clean_tmpdir.js
2020-04-09 16:56:48,307 INFO 92170 [egg-schedule]: register schedule /Users/choizhang/copywriting/egg/node_modules/egg-logrotator/app/schedule/clean_log.js
2020-04-09 16:56:48,307 INFO 92170 [egg-schedule]: register schedule /Users/choizhang/copywriting/egg/node_modules/egg-logrotator/app/schedule/rotate_by_file.js
2020-04-09 17:00:43,223 INFO 92349 [egg-schedule]: register schedule /Users/choizhang/copywriting/egg/node_modules/egg-multipart/app/schedule/clean_tmpdir.js
2020-04-09 17:00:43,223 INFO 92349 [egg-schedule]: register schedule /Users/choizhang/copywriting/egg/node_modules/egg-logrotator/app/schedule/clean_log.js
2020-04-09 17:00:43,223 INFO 92349 [egg-schedule]: register schedule /Users/choizhang/copywriting/egg/node_modules/egg-logrotator/app/schedule/rotate_by_file.js
2020-04-09 17:01:05,268 INFO 92376 [egg-schedule]: register schedule /Users/choizhang/copywriting/egg/node_modules/egg-multipart/app/schedule/clean_tmpdir.js
2020-04-09 17:01:05,268 INFO 92376 [egg-schedule]: register schedule /Users/choizhang/copywriting/egg/node_modules/egg-logrotator/app/schedule/clean_log.js
2020-04-09 17:01:05,268 INFO 92376 [egg-schedule]: register schedule /Users/choizhang/copywriting/egg/node_modules/egg-logrotator/app/schedule/rotate_by_file.js
2020-04-09 17:01:47,780 INFO 92433 [Timer] /Users/choizhang/copywriting/egg/node_modules/egg-multipart/app/schedule/clean_tmpdir.js next time will execute after 41292223ms at 2020-04-10 04:30:00.003
2020-04-09 17:01:47,780 INFO 92433 [Timer] /Users/choizhang/copywriting/egg/node_modules/egg-logrotator/app/schedule/clean_log.js next time will execute after 25092220ms at 2020-04-10 00:00:00.000
2020-04-09 17:01:47,780 INFO 92433 [Timer] /Users/choizhang/copywriting/egg/node_modules/egg-logrotator/app/schedule/rotate_by_file.js next time will execute after 25093220ms at 2020-04-10 00:00:01.000
2020-04-09 17:01:47,120 INFO 92436 [egg-schedule]: register schedule /Users/choizhang/copywriting/egg/node_modules/egg-multipart/app/schedule/clean_tmpdir.js
2020-04-09 17:01:47,120 INFO 92436 [egg-schedule]: register schedule /Users/choizhang/copywriting/egg/node_modules/egg-logrotator/app/schedule/clean_log.js
2020-04-09 17:01:47,120 INFO 92436 [egg-schedule]: register schedule /Users/choizhang/copywriting/egg/node_modules/egg-logrotator/app/schedule/rotate_by_file.js
2020-04-09 17:02:17,726 INFO 92465 [egg-schedule]: register schedule /Users/choizhang/copywriting/egg/node_modules/egg-multipart/app/schedule/clean_tmpdir.js
2020-04-09 17:02:17,726 INFO 92465 [egg-schedule]: register schedule /Users/choizhang/copywriting/egg/node_modules/egg-logrotator/app/schedule/clean_log.js
2020-04-09 17:02:17,726 INFO 92465 [egg-schedule]: register schedule /Users/choizhang/copywriting/egg/node_modules/egg-logrotator/app/schedule/rotate_by_file.js
2020-04-09 17:02:34,633 INFO 92485 [egg-schedule]: register schedule /Users/choizhang/copywriting/egg/node_modules/egg-multipart/app/schedule/clean_tmpdir.js
2020-04-09 17:02:34,633 INFO 92485 [egg-schedule]: register schedule /Users/choizhang/copywriting/egg/node_modules/egg-logrotator/app/schedule/clean_log.js
2020-04-09 17:02:34,633 INFO 92485 [egg-schedule]: register schedule /Users/choizhang/copywriting/egg/node_modules/egg-logrotator/app/schedule/rotate_by_file.js
2020-04-09 23:37:49,377 INFO 3750 [egg-schedule]: register schedule /Users/choizhang/copywriting/egg/node_modules/egg-multipart/app/schedule/clean_tmpdir.js
2020-04-09 23:37:49,377 INFO 3750 [egg-schedule]: register schedule /Users/choizhang/copywriting/egg/node_modules/egg-logrotator/app/schedule/clean_log.js
2020-04-09 23:37:49,377 INFO 3750 [egg-schedule]: register schedule /Users/choizhang/copywriting/egg/node_modules/egg-logrotator/app/schedule/rotate_by_file.js
2020-04-10 14:50:01,233 INFO 21210 [Timer] /Users/choizhang/copywrite/node_modules/egg-multipart/app/schedule/clean_tmpdir.js next time will execute after 49198771ms at 2020-04-11 04:30:00.004
2020-04-10 14:50:01,233 INFO 21210 [Timer] /Users/choizhang/copywrite/node_modules/egg-logrotator/app/schedule/clean_log.js next time will execute after 32998767ms at 2020-04-11 00:00:00.000
2020-04-10 14:50:01,234 INFO 21210 [Timer] /Users/choizhang/copywrite/node_modules/egg-logrotator/app/schedule/rotate_by_file.js next time will execute after 32999767ms at 2020-04-11 00:00:01.001
2020-04-10 14:50:00,748 INFO 21214 [egg-schedule]: register schedule /Users/choizhang/copywrite/node_modules/egg-multipart/app/schedule/clean_tmpdir.js
2020-04-10 14:50:00,748 INFO 21214 [egg-schedule]: register schedule /Users/choizhang/copywrite/node_modules/egg-logrotator/app/schedule/clean_log.js
2020-04-10 14:50:00,748 INFO 21214 [egg-schedule]: register schedule /Users/choizhang/copywrite/node_modules/egg-logrotator/app/schedule/rotate_by_file.js
